<?xml version="1.0" encoding="UTF-8"?>
<!-- Generated by org.testng.reporters.JUnitXMLReporter -->
<testsuite hostname="ABUL-ISLAM" ignored="0" name="Test" tests="6" failures="0" timestamp="08 May 2019 16:51:38 GMT" time="0.054" errors="0">
  <testcase name="postjiradefected" time="0.011" classname="PNT.RESTAPITest"/>
  <testcase name="twiterdefect" time="0.0" classname="PNT.RESTAPITest"/>
  <testcase name="algaapps" time="0.0" classname="PNT.AppiumTest"/>
  <testcase name="natoapp" time="0.001" classname="PNT.AppiumTest"/>
  <testcase name="BrowserAutomation" time="0.001" classname="PNT.SeleniumTest"/>
  <testcase name="checkpointmethod" time="0.001" classname="PNT.SeleniumTest"/>
</testsuite> <!-- Test -->
