<?xml version="1.0" encoding="UTF-8"?>
<testng-results skipped="0" failed="0" ignored="0" total="2" passed="2">
  <reporter-output>
  </reporter-output>
  <suite name="Surefire suite" duration-ms="16" started-at="2019-05-08T16:59:43Z" finished-at="2019-05-08T16:59:43Z">
    <groups>
    </groups>
    <test name="Surefire test" duration-ms="16" started-at="2019-05-08T16:59:43Z" finished-at="2019-05-08T16:59:43Z">
      <class name="PNT.AppiumTest">
        <test-method status="PASS" signature="algaapps()[pri:0, instance:PNT.AppiumTest@2c9f9fb0]" name="algaapps" duration-ms="0" started-at="2019-05-08T16:59:43Z" finished-at="2019-05-08T16:59:43Z">
          <reporter-output>
          </reporter-output>
        </test-method> <!-- algaapps -->
        <test-method status="PASS" signature="natoapp()[pri:0, instance:PNT.AppiumTest@2c9f9fb0]" name="natoapp" duration-ms="0" started-at="2019-05-08T16:59:43Z" finished-at="2019-05-08T16:59:43Z">
          <reporter-output>
          </reporter-output>
        </test-method> <!-- natoapp -->
      </class> <!-- PNT.AppiumTest -->
    </test> <!-- Surefire test -->
  </suite> <!-- Surefire suite -->
</testng-results>
